<--------------begin------------------>
fileName : doctor_data_filtered_1.json
failed : 0
succeed : 1500
sucess rate : 100%
<--------------end------------------>


2017-03-20
<--------------begin------------------>
fileName : doctor_data_filtered_2.json
failed : 0
succeed : 1499
sucess rate : 100%
<--------------end------------------>


2017-03-20
<--------------begin------------------>
fileName : doctor_data_filtered_3.json
failed : 0
succeed : 1492
sucess rate : 100%
<--------------end------------------>


2017-03-20
<--------------begin------------------>
fileName : doctor_data_filtered_4.json
failed : 0
succeed : 1499
sucess rate : 100%
<--------------end------------------>


2017-03-20
<--------------begin------------------>
fileName : doctor_data_filtered_5.json
failed : 0
succeed : 1500
sucess rate : 100%
<--------------end------------------>


2017-03-20
<--------------begin------------------>
fileName : doctor_data_filtered_6.json
failed : 0
succeed : 1497
sucess rate : 100%
<--------------end------------------>


2017-03-20
<--------------begin------------------>
fileName : doctor_data_filtered_7.json
failed : 0
succeed : 1496
sucess rate : 100%
<--------------end------------------>


2017-03-20
<--------------begin------------------>
fileName : doctor_data_filtered_8.json
failed : 0
succeed : 1496
sucess rate : 100%
<--------------end------------------>


2017-03-20
<--------------begin------------------>
fileName : doctor_data_filtered_9.json
failed : 0
succeed : 1498
sucess rate : 100%
<--------------end------------------>


2017-03-20
<--------------begin------------------>
fileName : doctor_data_filtered_10.json
failed : 0
succeed : 1500
sucess rate : 100%
<--------------end------------------>


2017-03-20
<--------------begin------------------>
fileName : doctor_data_filtered_11.json
failed : 0
succeed : 1496
sucess rate : 100%
<--------------end------------------>


2017-03-20
<--------------begin------------------>
fileName : doctor_data_filtered_12.json
failed : 0
succeed : 1498
sucess rate : 100%
<--------------end------------------>


2017-03-20
<--------------begin------------------>
fileName : doctor_data_filtered_13.json
failed : 0
succeed : 1497
sucess rate : 100%
<--------------end------------------>


2017-03-20
<--------------begin------------------>
fileName : doctor_data_filtered_14.json
failed : 0
succeed : 1497
sucess rate : 100%
<--------------end------------------>


2017-03-20
<--------------begin------------------>
fileName : doctor_data_filtered_15.json
failed : 0
succeed : 1500
sucess rate : 100%
<--------------end------------------>


2017-03-20
<--------------begin------------------>
fileName : doctor_data_filtered_16.json
failed : 0
succeed : 1500
sucess rate : 100%
<--------------end------------------>


2017-03-20
<--------------begin------------------>
fileName : doctor_data_filtered_17.json
failed : 0
succeed : 1495
sucess rate : 100%
<--------------end------------------>


2017-03-20
<--------------begin------------------>
fileName : doctor_data_filtered_18.json
failed : 0
succeed : 1500
sucess rate : 100%
<--------------end------------------>


2017-03-20
<--------------begin------------------>
fileName : doctor_data_filtered_19.json
failed : 0
succeed : 1500
sucess rate : 100%
<--------------end------------------>


2017-03-20
<--------------begin------------------>
fileName : doctor_data_filtered_20.json
failed : 0
succeed : 1497
sucess rate : 100%
<--------------end------------------>


2017-03-20
<--------------begin------------------>
fileName : doctor_data_filtered_21.json
failed : 0
succeed : 1496
sucess rate : 100%
<--------------end------------------>


2017-03-20
<--------------begin------------------>
fileName : doctor_data_filtered_22.json
failed : 0
succeed : 1498
sucess rate : 100%
<--------------end------------------>


2017-03-20
<--------------begin------------------>
fileName : doctor_data_filtered_23.json
failed : 0
succeed : 1497
sucess rate : 100%
<--------------end------------------>


2017-03-20
<--------------begin------------------>
fileName : doctor_data_filtered_24.json
failed : 0
succeed : 1500
sucess rate : 100%
<--------------end------------------>


2017-03-20
<--------------begin------------------>
fileName : doctor_data_filtered_25.json
failed : 0
succeed : 1499
sucess rate : 100%
<--------------end------------------>


2017-03-20
<--------------begin------------------>
fileName : doctor_data_filtered_26.json
failed : 0
succeed : 1498
sucess rate : 100%
<--------------end------------------>


2017-03-20
<--------------begin------------------>
fileName : doctor_data_filtered_27.json
failed : 0
succeed : 1499
sucess rate : 100%
<--------------end------------------>


2017-03-20
<--------------begin------------------>
fileName : doctor_data_filtered_28.json
failed : 0
succeed : 1499
sucess rate : 100%
<--------------end------------------>


2017-03-20
<--------------begin------------------>
fileName : doctor_data_filtered_29.json
failed : 0
succeed : 1500
sucess rate : 100%
<--------------end------------------>


2017-03-20
<--------------begin------------------>
fileName : doctor_data_filtered_30.json
failed : 0
succeed : 1500
sucess rate : 100%
<--------------end------------------>


2017-03-20
<--------------begin------------------>
fileName : doctor_data_filtered_31.json
failed : 0
succeed : 1498
sucess rate : 100%
<--------------end------------------>


2017-03-20
<--------------begin------------------>
fileName : doctor_data_filtered_32.json
failed : 0
succeed : 1498
sucess rate : 100%
<--------------end------------------>


2017-03-20
<--------------begin------------------>
fileName : doctor_data_filtered_33.json
failed : 0
succeed : 1499
sucess rate : 100%
<--------------end------------------>


2017-03-20
<--------------begin------------------>
fileName : doctor_data_filtered_34.json
failed : 0
succeed : 1499
sucess rate : 100%
<--------------end------------------>


2017-03-20
<--------------begin------------------>
fileName : doctor_data_filtered_35.json
failed : 0
succeed : 1500
sucess rate : 100%
<--------------end------------------>


2017-03-20
<--------------begin------------------>
fileName : doctor_data_filtered_36.json
failed : 0
succeed : 1499
sucess rate : 100%
<--------------end------------------>


2017-03-20
<--------------begin------------------>
fileName : doctor_data_filtered_37.json
failed : 0
succeed : 1498
sucess rate : 100%
<--------------end------------------>


2017-03-20
<--------------begin------------------>
fileName : doctor_data_filtered_38.json
failed : 0
succeed : 1498
sucess rate : 100%
<--------------end------------------>


2017-03-20
<--------------begin------------------>
fileName : doctor_data_filtered_39.json
failed : 0
succeed : 1498
sucess rate : 100%
<--------------end------------------>


2017-03-20
<--------------begin------------------>
fileName : doctor_data_filtered_40.json
failed : 0
succeed : 1494
sucess rate : 100%
<--------------end------------------>


2017-03-20
<--------------begin------------------>
fileName : doctor_data_filtered_41.json
failed : 0
succeed : 1497
sucess rate : 100%
<--------------end------------------>


2017-03-20
<--------------begin------------------>
fileName : doctor_data_filtered_42.json
failed : 0
succeed : 1494
sucess rate : 100%
<--------------end------------------>


2017-03-20
<--------------begin------------------>
fileName : doctor_data_filtered_43.json
failed : 0
succeed : 1497
sucess rate : 100%
<--------------end------------------>


2017-03-20
<--------------begin------------------>
fileName : doctor_data_filtered_44.json
failed : 0
succeed : 1497
sucess rate : 100%
<--------------end------------------>


2017-03-20
<--------------begin------------------>
fileName : doctor_data_filtered_45.json
failed : 0
succeed : 1494
sucess rate : 100%
<--------------end------------------>


2017-03-20
<--------------begin------------------>
fileName : doctor_data_filtered_46.json
failed : 0
succeed : 1500
sucess rate : 100%
<--------------end------------------>


2017-03-20
<--------------begin------------------>
fileName : doctor_data_filtered_47.json
failed : 0
succeed : 1500
sucess rate : 100%
<--------------end------------------>


2017-03-20
<--------------begin------------------>
fileName : doctor_data_filtered_48.json
failed : 0
succeed : 1498
sucess rate : 100%
<--------------end------------------>


2017-03-20
<--------------begin------------------>
fileName : doctor_data_filtered_49.json
failed : 0
succeed : 1497
sucess rate : 100%
<--------------end------------------>


2017-03-20
<--------------begin------------------>
com.mysql.jdbc.exceptions.jdbc4.MySQLSyntaxErrorException: You have an error in your SQL syntax; check the manual that corresponds to your MySQL server version for the right syntax to use near 's医院心血管外科短期学习交流。')' at line 1
	at sun.reflect.NativeConstructorAccessorImpl.newInstance0(Native Method)
	at sun.reflect.NativeConstructorAccessorImpl.newInstance(NativeConstructorAccessorImpl.java:62)
	at sun.reflect.DelegatingConstructorAccessorImpl.newInstance(DelegatingConstructorAccessorImpl.java:45)
	at java.lang.reflect.Constructor.newInstance(Constructor.java:423)
	at com.mysql.jdbc.Util.handleNewInstance(Util.java:377)
	at com.mysql.jdbc.Util.getInstance(Util.java:360)
	at com.mysql.jdbc.SQLError.createSQLException(SQLError.java:978)
	at com.mysql.jdbc.MysqlIO.checkErrorPacket(MysqlIO.java:3887)
	at com.mysql.jdbc.MysqlIO.checkErrorPacket(MysqlIO.java:3823)
	at com.mysql.jdbc.MysqlIO.sendCommand(MysqlIO.java:2435)
	at com.mysql.jdbc.MysqlIO.sqlQueryDirect(MysqlIO.java:2582)
	at com.mysql.jdbc.ConnectionImpl.execSQL(ConnectionImpl.java:2526)
	at com.mysql.jdbc.StatementImpl.executeUpdate(StatementImpl.java:1618)
	at com.mysql.jdbc.StatementImpl.executeUpdate(StatementImpl.java:1549)
	at com.winyang.jsonParser.TestJson.insert(TestJson.scala:210)
	at com.winyang.jsonParser.TestJson$$anonfun$com$winyang$jsonParser$TestJson$$checkAndInserIntoMysql$1.apply(TestJson.scala:133)
	at com.winyang.jsonParser.TestJson$$anonfun$com$winyang$jsonParser$TestJson$$checkAndInserIntoMysql$1.apply(TestJson.scala:127)
	at scala.collection.IndexedSeqOptimized$class.foreach(IndexedSeqOptimized.scala:33)
	at scala.collection.mutable.ArrayOps$ofRef.foreach(ArrayOps.scala:186)
	at com.winyang.jsonParser.TestJson.com$winyang$jsonParser$TestJson$$checkAndInserIntoMysql(TestJson.scala:127)
	at com.winyang.jsonParser.TestJson$$anonfun$test$1.apply$mcVI$sp(TestJson.scala:78)
	at scala.collection.immutable.Range.foreach$mVc$sp(Range.scala:166)
	at com.winyang.jsonParser.TestJson.test(TestJson.scala:78)
	at com.winyang.jsonParser.TestJson$.main(TestJson.scala:240)
	at com.winyang.jsonParser.TestJson.main(TestJson.scala)
	at sun.reflect.NativeMethodAccessorImpl.invoke0(Native Method)
	at sun.reflect.NativeMethodAccessorImpl.invoke(NativeMethodAccessorImpl.java:62)
	at sun.reflect.DelegatingMethodAccessorImpl.invoke(DelegatingMethodAccessorImpl.java:43)
	at java.lang.reflect.Method.invoke(Method.java:498)
	at com.intellij.rt.execution.application.AppMain.main(AppMain.java:147)
fileName : doctor_data_filtered_50.json
failed : 1
succeed : 1498
sucess rate : 100%
<--------------end------------------>


2017-03-20
<--------------begin------------------>
fileName : doctor_data_filtered_51.json
failed : 0
succeed : 1499
sucess rate : 100%
<--------------end------------------>


2017-03-20
<--------------begin------------------>
fileName : doctor_data_filtered_52.json
failed : 0
succeed : 1498
sucess rate : 100%
<--------------end------------------>


2017-03-20
<--------------begin------------------>
fileName : doctor_data_filtered_53.json
failed : 0
succeed : 1486
sucess rate : 100%
<--------------end------------------>


2017-03-20
<--------------begin------------------>
fileName : doctor_data_filtered_54.json
failed : 0
succeed : 1500
sucess rate : 100%
<--------------end------------------>


2017-03-20
<--------------begin------------------>
fileName : doctor_data_filtered_55.json
failed : 0
succeed : 1500
sucess rate : 100%
<--------------end------------------>


2017-03-20
<--------------begin------------------>
fileName : doctor_data_filtered_56.json
failed : 0
succeed : 1500
sucess rate : 100%
<--------------end------------------>


2017-03-20
<--------------begin------------------>
fileName : doctor_data_filtered_57.json
failed : 0
succeed : 1500
sucess rate : 100%
<--------------end------------------>


2017-03-20
<--------------begin------------------>
fileName : doctor_data_filtered_58.json
failed : 0
succeed : 1499
sucess rate : 100%
<--------------end------------------>


2017-03-20
<--------------begin------------------>
fileName : doctor_data_filtered_59.json
failed : 0
succeed : 1490
sucess rate : 100%
<--------------end------------------>


2017-03-20
<--------------begin------------------>
fileName : doctor_data_filtered_60.json
failed : 0
succeed : 1498
sucess rate : 100%
<--------------end------------------>


2017-03-20
<--------------begin------------------>
fileName : doctor_data_filtered_61.json
failed : 0
succeed : 1496
sucess rate : 100%
<--------------end------------------>


2017-03-20
<--------------begin------------------>
fileName : doctor_data_filtered_62.json
failed : 0
succeed : 1495
sucess rate : 100%
<--------------end------------------>


2017-03-20
<--------------begin------------------>
fileName : doctor_data_filtered_63.json
failed : 0
succeed : 1498
sucess rate : 100%
<--------------end------------------>


2017-03-20
<--------------begin------------------>
fileName : doctor_data_filtered_64.json
failed : 0
succeed : 1498
sucess rate : 100%
<--------------end------------------>


2017-03-20
<--------------begin------------------>
fileName : doctor_data_filtered_65.json
failed : 0
succeed : 1496
sucess rate : 100%
<--------------end------------------>


2017-03-20
<--------------begin------------------>
fileName : doctor_data_filtered_66.json
failed : 0
succeed : 1493
sucess rate : 100%
<--------------end------------------>


2017-03-20
<--------------begin------------------>
fileName : doctor_data_filtered_67.json
failed : 0
succeed : 1494
sucess rate : 100%
<--------------end------------------>


2017-03-20
<--------------begin------------------>
fileName : doctor_data_filtered_68.json
failed : 0
succeed : 1497
sucess rate : 100%
<--------------end------------------>


2017-03-20
<--------------begin------------------>
fileName : doctor_data_filtered_69.json
failed : 0
succeed : 1491
sucess rate : 100%
<--------------end------------------>


2017-03-20
<--------------begin------------------>
com.mysql.jdbc.exceptions.jdbc4.MySQLSyntaxErrorException: You have an error in your SQL syntax; check the manual that corresponds to your MySQL server version for the right syntax to use near 's畸形，计算机成型颅骨修补等。手术操作精细，擅长脑功能' at line 1
	at sun.reflect.NativeConstructorAccessorImpl.newInstance0(Native Method)
	at sun.reflect.NativeConstructorAccessorImpl.newInstance(NativeConstructorAccessorImpl.java:62)
	at sun.reflect.DelegatingConstructorAccessorImpl.newInstance(DelegatingConstructorAccessorImpl.java:45)
	at java.lang.reflect.Constructor.newInstance(Constructor.java:423)
	at com.mysql.jdbc.Util.handleNewInstance(Util.java:377)
	at com.mysql.jdbc.Util.getInstance(Util.java:360)
	at com.mysql.jdbc.SQLError.createSQLException(SQLError.java:978)
	at com.mysql.jdbc.MysqlIO.checkErrorPacket(MysqlIO.java:3887)
	at com.mysql.jdbc.MysqlIO.checkErrorPacket(MysqlIO.java:3823)
	at com.mysql.jdbc.MysqlIO.sendCommand(MysqlIO.java:2435)
	at com.mysql.jdbc.MysqlIO.sqlQueryDirect(MysqlIO.java:2582)
	at com.mysql.jdbc.ConnectionImpl.execSQL(ConnectionImpl.java:2526)
	at com.mysql.jdbc.StatementImpl.executeUpdate(StatementImpl.java:1618)
	at com.mysql.jdbc.StatementImpl.executeUpdate(StatementImpl.java:1549)
	at com.winyang.jsonParser.TestJson.insert(TestJson.scala:210)
	at com.winyang.jsonParser.TestJson$$anonfun$com$winyang$jsonParser$TestJson$$checkAndInserIntoMysql$1.apply(TestJson.scala:133)
	at com.winyang.jsonParser.TestJson$$anonfun$com$winyang$jsonParser$TestJson$$checkAndInserIntoMysql$1.apply(TestJson.scala:127)
	at scala.collection.IndexedSeqOptimized$class.foreach(IndexedSeqOptimized.scala:33)
	at scala.collection.mutable.ArrayOps$ofRef.foreach(ArrayOps.scala:186)
	at com.winyang.jsonParser.TestJson.com$winyang$jsonParser$TestJson$$checkAndInserIntoMysql(TestJson.scala:127)
	at com.winyang.jsonParser.TestJson$$anonfun$test$1.apply$mcVI$sp(TestJson.scala:78)
	at scala.collection.immutable.Range.foreach$mVc$sp(Range.scala:166)
	at com.winyang.jsonParser.TestJson.test(TestJson.scala:78)
	at com.winyang.jsonParser.TestJson$.main(TestJson.scala:240)
	at com.winyang.jsonParser.TestJson.main(TestJson.scala)
	at sun.reflect.NativeMethodAccessorImpl.invoke0(Native Method)
	at sun.reflect.NativeMethodAccessorImpl.invoke(NativeMethodAccessorImpl.java:62)
	at sun.reflect.DelegatingMethodAccessorImpl.invoke(DelegatingMethodAccessorImpl.java:43)
	at java.lang.reflect.Method.invoke(Method.java:498)
	at com.intellij.rt.execution.application.AppMain.main(AppMain.java:147)
fileName : doctor_data_filtered_70.json
failed : 1
succeed : 1473
sucess rate : 100%
<--------------end------------------>


2017-03-20
<--------------begin------------------>
fileName : doctor_data_filtered_71.json
failed : 0
succeed : 1474
sucess rate : 100%
<--------------end------------------>


2017-03-20
<--------------begin------------------>
fileName : doctor_data_filtered_72.json
failed : 0
succeed : 1500
sucess rate : 100%
<--------------end------------------>


2017-03-20
<--------------begin------------------>
fileName : doctor_data_filtered_73.json
failed : 0
succeed : 1498
sucess rate : 100%
<--------------end------------------>


2017-03-20
<--------------begin------------------>
fileName : doctor_data_filtered_74.json
failed : 0
succeed : 1491
sucess rate : 100%
<--------------end------------------>


2017-03-20
<--------------begin------------------>
fileName : doctor_data_filtered_75.json
failed : 0
succeed : 1495
sucess rate : 100%
<--------------end------------------>


2017-03-20
<--------------begin------------------>
fileName : doctor_data_filtered_76.json
failed : 0
succeed : 1498
sucess rate : 100%
<--------------end------------------>


2017-03-20
<--------------begin------------------>
com.mysql.jdbc.exceptions.jdbc4.MySQLSyntaxErrorException: You have an error in your SQL syntax; check the manual that corresponds to your MySQL server version for the right syntax to use near 's医院、意大利米兰欧洲癌症中心、新加坡中央医院和香港威' at line 1
	at sun.reflect.NativeConstructorAccessorImpl.newInstance0(Native Method)
	at sun.reflect.NativeConstructorAccessorImpl.newInstance(NativeConstructorAccessorImpl.java:62)
	at sun.reflect.DelegatingConstructorAccessorImpl.newInstance(DelegatingConstructorAccessorImpl.java:45)
	at java.lang.reflect.Constructor.newInstance(Constructor.java:423)
	at com.mysql.jdbc.Util.handleNewInstance(Util.java:377)
	at com.mysql.jdbc.Util.getInstance(Util.java:360)
	at com.mysql.jdbc.SQLError.createSQLException(SQLError.java:978)
	at com.mysql.jdbc.MysqlIO.checkErrorPacket(MysqlIO.java:3887)
	at com.mysql.jdbc.MysqlIO.checkErrorPacket(MysqlIO.java:3823)
	at com.mysql.jdbc.MysqlIO.sendCommand(MysqlIO.java:2435)
	at com.mysql.jdbc.MysqlIO.sqlQueryDirect(MysqlIO.java:2582)
	at com.mysql.jdbc.ConnectionImpl.execSQL(ConnectionImpl.java:2526)
	at com.mysql.jdbc.StatementImpl.executeUpdate(StatementImpl.java:1618)
	at com.mysql.jdbc.StatementImpl.executeUpdate(StatementImpl.java:1549)
	at com.winyang.jsonParser.TestJson.insert(TestJson.scala:210)
	at com.winyang.jsonParser.TestJson$$anonfun$com$winyang$jsonParser$TestJson$$checkAndInserIntoMysql$1.apply(TestJson.scala:133)
	at com.winyang.jsonParser.TestJson$$anonfun$com$winyang$jsonParser$TestJson$$checkAndInserIntoMysql$1.apply(TestJson.scala:127)
	at scala.collection.IndexedSeqOptimized$class.foreach(IndexedSeqOptimized.scala:33)
	at scala.collection.mutable.ArrayOps$ofRef.foreach(ArrayOps.scala:186)
	at com.winyang.jsonParser.TestJson.com$winyang$jsonParser$TestJson$$checkAndInserIntoMysql(TestJson.scala:127)
	at com.winyang.jsonParser.TestJson$$anonfun$test$1.apply$mcVI$sp(TestJson.scala:78)
	at scala.collection.immutable.Range.foreach$mVc$sp(Range.scala:166)
	at com.winyang.jsonParser.TestJson.test(TestJson.scala:78)
	at com.winyang.jsonParser.TestJson$.main(TestJson.scala:240)
	at com.winyang.jsonParser.TestJson.main(TestJson.scala)
	at sun.reflect.NativeMethodAccessorImpl.invoke0(Native Method)
	at sun.reflect.NativeMethodAccessorImpl.invoke(NativeMethodAccessorImpl.java:62)
	at sun.reflect.DelegatingMethodAccessorImpl.invoke(DelegatingMethodAccessorImpl.java:43)
	at java.lang.reflect.Method.invoke(Method.java:498)
	at com.intellij.rt.execution.application.AppMain.main(AppMain.java:147)
fileName : doctor_data_filtered_77.json
failed : 1
succeed : 1497
sucess rate : 100%
<--------------end------------------>


2017-03-20
<--------------begin------------------>
fileName : doctor_data_filtered_78.json
failed : 0
succeed : 1499
sucess rate : 100%
<--------------end------------------>


2017-03-20
<--------------begin------------------>
fileName : doctor_data_filtered_79.json
failed : 0
succeed : 1499
sucess rate : 100%
<--------------end------------------>


2017-03-20
<--------------begin------------------>
fileName : doctor_data_filtered_80.json
failed : 0
succeed : 1500
sucess rate : 100%
<--------------end------------------>


2017-03-20
<--------------begin------------------>
fileName : doctor_data_filtered_81.json
failed : 0
succeed : 1500
sucess rate : 100%
<--------------end------------------>


2017-03-20
<--------------begin------------------>
fileName : doctor_data_filtered_82.json
failed : 0
succeed : 1499
sucess rate : 100%
<--------------end------------------>


2017-03-20
<--------------begin------------------>
fileName : doctor_data_filtered_83.json
failed : 0
succeed : 1500
sucess rate : 100%
<--------------end------------------>


2017-03-20
<--------------begin------------------>
fileName : doctor_data_filtered_84.json
failed : 0
succeed : 1496
sucess rate : 100%
<--------------end------------------>


2017-03-20
<--------------begin------------------>
fileName : doctor_data_filtered_85.json
failed : 0
succeed : 1495
sucess rate : 100%
<--------------end------------------>


2017-03-20
<--------------begin------------------>
fileName : doctor_data_filtered_86.json
failed : 0
succeed : 1500
sucess rate : 100%
<--------------end------------------>


2017-03-20
<--------------begin------------------>
com.mysql.jdbc.exceptions.jdbc4.MySQLSyntaxErrorException: You have an error in your SQL syntax; check the manual that corresponds to your MySQL server version for the right syntax to use near 's”后遇综合征等一系列疑难复杂手术。"]',0.0,0,0,'no')' at line 1
	at sun.reflect.NativeConstructorAccessorImpl.newInstance0(Native Method)
	at sun.reflect.NativeConstructorAccessorImpl.newInstance(NativeConstructorAccessorImpl.java:62)
	at sun.reflect.DelegatingConstructorAccessorImpl.newInstance(DelegatingConstructorAccessorImpl.java:45)
	at java.lang.reflect.Constructor.newInstance(Constructor.java:423)
	at com.mysql.jdbc.Util.handleNewInstance(Util.java:377)
	at com.mysql.jdbc.Util.getInstance(Util.java:360)
	at com.mysql.jdbc.SQLError.createSQLException(SQLError.java:978)
	at com.mysql.jdbc.MysqlIO.checkErrorPacket(MysqlIO.java:3887)
	at com.mysql.jdbc.MysqlIO.checkErrorPacket(MysqlIO.java:3823)
	at com.mysql.jdbc.MysqlIO.sendCommand(MysqlIO.java:2435)
	at com.mysql.jdbc.MysqlIO.sqlQueryDirect(MysqlIO.java:2582)
	at com.mysql.jdbc.ConnectionImpl.execSQL(ConnectionImpl.java:2526)
	at com.mysql.jdbc.StatementImpl.executeUpdate(StatementImpl.java:1618)
	at com.mysql.jdbc.StatementImpl.executeUpdate(StatementImpl.java:1549)
	at com.winyang.jsonParser.TestJson.insert(TestJson.scala:210)
	at com.winyang.jsonParser.TestJson$$anonfun$com$winyang$jsonParser$TestJson$$checkAndInserIntoMysql$1.apply(TestJson.scala:133)
	at com.winyang.jsonParser.TestJson$$anonfun$com$winyang$jsonParser$TestJson$$checkAndInserIntoMysql$1.apply(TestJson.scala:127)
	at scala.collection.IndexedSeqOptimized$class.foreach(IndexedSeqOptimized.scala:33)
	at scala.collection.mutable.ArrayOps$ofRef.foreach(ArrayOps.scala:186)
	at com.winyang.jsonParser.TestJson.com$winyang$jsonParser$TestJson$$checkAndInserIntoMysql(TestJson.scala:127)
	at com.winyang.jsonParser.TestJson$$anonfun$test$1.apply$mcVI$sp(TestJson.scala:78)
	at scala.collection.immutable.Range.foreach$mVc$sp(Range.scala:166)
	at com.winyang.jsonParser.TestJson.test(TestJson.scala:78)
	at com.winyang.jsonParser.TestJson$.main(TestJson.scala:240)
	at com.winyang.jsonParser.TestJson.main(TestJson.scala)
	at sun.reflect.NativeMethodAccessorImpl.invoke0(Native Method)
	at sun.reflect.NativeMethodAccessorImpl.invoke(NativeMethodAccessorImpl.java:62)
	at sun.reflect.DelegatingMethodAccessorImpl.invoke(DelegatingMethodAccessorImpl.java:43)
	at java.lang.reflect.Method.invoke(Method.java:498)
	at com.intellij.rt.execution.application.AppMain.main(AppMain.java:147)
fileName : doctor_data_filtered_87.json
failed : 1
succeed : 1499
sucess rate : 100%
<--------------end------------------>


2017-03-20
<--------------begin------------------>
fileName : doctor_data_filtered_88.json
failed : 0
succeed : 1497
sucess rate : 100%
<--------------end------------------>


2017-03-20
<--------------begin------------------>
fileName : doctor_data_filtered_89.json
failed : 0
succeed : 1498
sucess rate : 100%
<--------------end------------------>


2017-03-20
<--------------begin------------------>
fileName : doctor_data_filtered_90.json
failed : 0
succeed : 1499
sucess rate : 100%
<--------------end------------------>


2017-03-20
<--------------begin------------------>
fileName : doctor_data_filtered_91.json
failed : 0
succeed : 1500
sucess rate : 100%
<--------------end------------------>


2017-03-20
<--------------begin------------------>
com.mysql.jdbc.exceptions.jdbc4.MySQLSyntaxErrorException: You have an error in your SQL syntax; check the manual that corresponds to your MySQL server version for the right syntax to use near '98国际肿瘤病学术会议上介绍的癌症综合治疗新方法，受到与' at line 1
	at sun.reflect.NativeConstructorAccessorImpl.newInstance0(Native Method)
	at sun.reflect.NativeConstructorAccessorImpl.newInstance(NativeConstructorAccessorImpl.java:62)
	at sun.reflect.DelegatingConstructorAccessorImpl.newInstance(DelegatingConstructorAccessorImpl.java:45)
	at java.lang.reflect.Constructor.newInstance(Constructor.java:423)
	at com.mysql.jdbc.Util.handleNewInstance(Util.java:377)
	at com.mysql.jdbc.Util.getInstance(Util.java:360)
	at com.mysql.jdbc.SQLError.createSQLException(SQLError.java:978)
	at com.mysql.jdbc.MysqlIO.checkErrorPacket(MysqlIO.java:3887)
	at com.mysql.jdbc.MysqlIO.checkErrorPacket(MysqlIO.java:3823)
	at com.mysql.jdbc.MysqlIO.sendCommand(MysqlIO.java:2435)
	at com.mysql.jdbc.MysqlIO.sqlQueryDirect(MysqlIO.java:2582)
	at com.mysql.jdbc.ConnectionImpl.execSQL(ConnectionImpl.java:2526)
	at com.mysql.jdbc.StatementImpl.executeUpdate(StatementImpl.java:1618)
	at com.mysql.jdbc.StatementImpl.executeUpdate(StatementImpl.java:1549)
	at com.winyang.jsonParser.TestJson.insert(TestJson.scala:210)
	at com.winyang.jsonParser.TestJson$$anonfun$com$winyang$jsonParser$TestJson$$checkAndInserIntoMysql$1.apply(TestJson.scala:133)
	at com.winyang.jsonParser.TestJson$$anonfun$com$winyang$jsonParser$TestJson$$checkAndInserIntoMysql$1.apply(TestJson.scala:127)
	at scala.collection.IndexedSeqOptimized$class.foreach(IndexedSeqOptimized.scala:33)
	at scala.collection.mutable.ArrayOps$ofRef.foreach(ArrayOps.scala:186)
	at com.winyang.jsonParser.TestJson.com$winyang$jsonParser$TestJson$$checkAndInserIntoMysql(TestJson.scala:127)
	at com.winyang.jsonParser.TestJson$$anonfun$test$1.apply$mcVI$sp(TestJson.scala:78)
	at scala.collection.immutable.Range.foreach$mVc$sp(Range.scala:166)
	at com.winyang.jsonParser.TestJson.test(TestJson.scala:78)
	at com.winyang.jsonParser.TestJson$.main(TestJson.scala:240)
	at com.winyang.jsonParser.TestJson.main(TestJson.scala)
	at sun.reflect.NativeMethodAccessorImpl.invoke0(Native Method)
	at sun.reflect.NativeMethodAccessorImpl.invoke(NativeMethodAccessorImpl.java:62)
	at sun.reflect.DelegatingMethodAccessorImpl.invoke(DelegatingMethodAccessorImpl.java:43)
	at java.lang.reflect.Method.invoke(Method.java:498)
	at com.intellij.rt.execution.application.AppMain.main(AppMain.java:147)
fileName : doctor_data_filtered_92.json
failed : 1
succeed : 1496
sucess rate : 100%
<--------------end------------------>


2017-03-20
<--------------begin------------------>
fileName : doctor_data_filtered_93.json
failed : 0
succeed : 1499
sucess rate : 100%
<--------------end------------------>


2017-03-20
<--------------begin------------------>
fileName : doctor_data_filtered_94.json
failed : 0
succeed : 1498
sucess rate : 100%
<--------------end------------------>


2017-03-20
<--------------begin------------------>
fileName : doctor_data_filtered_95.json
failed : 0
succeed : 1498
sucess rate : 100%
<--------------end------------------>


2017-03-20
<--------------begin------------------>
fileName : doctor_data_filtered_96.json
failed : 0
succeed : 1499
sucess rate : 100%
<--------------end------------------>


2017-03-20
<--------------begin------------------>
fileName : doctor_data_filtered_97.json
failed : 0
succeed : 1498
sucess rate : 100%
<--------------end------------------>


2017-03-20
<--------------begin------------------>
fileName : doctor_data_filtered_98.json
failed : 0
succeed : 1499
sucess rate : 100%
<--------------end------------------>


2017-03-20
<--------------begin------------------>
fileName : doctor_data_filtered_99.json
failed : 0
succeed : 1498
sucess rate : 100%
<--------------end------------------>


2017-03-20
<--------------begin------------------>
fileName : doctor_data_filtered_100.json
failed : 0
succeed : 1500
sucess rate : 100%
<--------------end------------------>


2017-03-20
<--------------begin------------------>
fileName : doctor_data_filtered_101.json
failed : 0
succeed : 1493
sucess rate : 100%
<--------------end------------------>


2017-03-20
<--------------begin------------------>
fileName : doctor_data_filtered_102.json
failed : 0
succeed : 1494
sucess rate : 100%
<--------------end------------------>


2017-03-20
<--------------begin------------------>
fileName : doctor_data_filtered_103.json
failed : 0
succeed : 1499
sucess rate : 100%
<--------------end------------------>


2017-03-20
<--------------begin------------------>
fileName : doctor_data_filtered_104.json
failed : 0
succeed : 485
sucess rate : 100%
<--------------end------------------>
